<?xml version="1.0" encoding="UTF-8"?>
<!-- Generated by org.testng.reporters.JUnitXMLReporter -->
<testsuite ignored="0" hostname="NSK-DT-LEN-1" failures="0" tests="10" name="Default test" time="3.68" errors="0" timestamp="2023-07-24T16:05:20 IST">
  <testcase classname="test.AutomateSauco" name="login" time="0.187"/>
  <testcase classname="test.AutomateSauco" name="countImage" time="0.103"/>
  <testcase classname="test.AutomateSauco" name="vrifyLogo" time="0.006"/>
  <testcase classname="test.AutomateSauco" name="verifyPageTitle" time="0.004"/>
  <testcase classname="test.AutomateSauco" name="selectDropdown" time="0.094"/>
  <testcase classname="test.AutomateSauco" name="selectProduct" time="0.031"/>
  <testcase classname="test.AutomateSauco" name="clickonCart" time="0.039"/>
  <testcase classname="test.AutomateSauco" name="checkout" time="0.037"/>
  <testcase classname="test.AutomateSauco" name="information" time="0.173"/>
  <testcase classname="test.AutomateSauco" name="validatePaymentInformation" time="0.019"/>
</testsuite> <!-- Default test -->
